Using pre-set license
Built from '2021.3/china_unity/release' branch; Version is '2021.3.6f1c1 (07401303b748) revision 475155'; Using compiler version '192829333'; Build Type 'Release'
OS: 'Windows 11  (10.0.22000) 64bit CoreCountrySpecific' Language: 'zh' Physical Memory: 16108 MB
BatchMode: 1, IsHumanControllingUs: 0, StartBugReporterOnCrash: 0, Is64bit: 1, IsPro: 1

COMMAND LINE ARGUMENTS:
D:\Unity\2021.3.6f1c1\Editor\Unity.exe
-adb2
-batchMode
-noUpm
-name
AssetImportWorker0
-projectPath
D:/Documents/My project
-logFile
Logs/AssetImportWorker0.log
-srvPort
50186
Successfully changed project path to: D:/Documents/My project
D:/Documents/My project
[UnityMemory] Configuration Parameters - Can be set up in boot.config
    "memorysetup-bucket-allocator-granularity=16"
    "memorysetup-bucket-allocator-bucket-count=8"
    "memorysetup-bucket-allocator-block-size=33554432"
    "memorysetup-bucket-allocator-block-count=8"
    "memorysetup-main-allocator-block-size=16777216"
    "memorysetup-thread-allocator-block-size=16777216"
    "memorysetup-gfx-main-allocator-block-size=16777216"
    "memorysetup-gfx-thread-allocator-block-size=16777216"
    "memorysetup-cache-allocator-block-size=4194304"
    "memorysetup-typetree-allocator-block-size=2097152"
    "memorysetup-profiler-bucket-allocator-granularity=16"
    "memorysetup-profiler-bucket-allocator-bucket-count=8"
    "memorysetup-profiler-bucket-allocator-block-size=33554432"
    "memorysetup-profiler-bucket-allocator-block-count=8"
    "memorysetup-profiler-allocator-block-size=16777216"
    "memorysetup-profiler-editor-allocator-block-size=1048576"
    "memorysetup-temp-allocator-size-main=16777216"
    "memorysetup-job-temp-allocator-block-size=2097152"
    "memorysetup-job-temp-allocator-block-size-background=1048576"
    "memorysetup-job-temp-allocator-reduction-small-platforms=262144"
    "memorysetup-temp-allocator-size-background-worker=32768"
    "memorysetup-temp-allocator-size-job-worker=262144"
    "memorysetup-temp-allocator-size-preload-manager=33554432"
    "memorysetup-temp-allocator-size-nav-mesh-worker=65536"
    "memorysetup-temp-allocator-size-audio-worker=65536"
    "memorysetup-temp-allocator-size-cloud-worker=32768"
    "memorysetup-temp-allocator-size-gi-baking-worker=262144"
    "memorysetup-temp-allocator-size-gfx=262144"
AS: AutoStreaming module initializing.
Refreshing native plugins compatible for Editor in 49.14 ms, found 3 plugins.
Preloading 0 native plugins for Editor in 0.00 ms.
Initialize engine version: 2021.3.6f1c1 (07401303b748)
[Subsystems] Discovering subsystems at path D:/Unity/2021.3.6f1c1/Editor/Data/Resources/UnitySubsystems
[Subsystems] Discovering subsystems at path D:/Documents/My project/Assets
GfxDevice: creating device client; threaded=0; jobified=0
Direct3D:
    Version:  Direct3D 11.0 [level 11.1]
    Renderer: NVIDIA GeForce RTX 3060 Laptop GPU (ID=0x2560)
    Vendor:   NVIDIA
    VRAM:     6023 MB
    Driver:   30.0.15.1264
Initialize mono
Mono path[0] = 'D:/Unity/2021.3.6f1c1/Editor/Data/Managed'
Mono path[1] = 'D:/Unity/2021.3.6f1c1/Editor/Data/MonoBleedingEdge/lib/mono/unityjit-win32'
Mono config path = 'D:/Unity/2021.3.6f1c1/Editor/Data/MonoBleedingEdge/etc'
Using monoOptions --debugger-agent=transport=dt_socket,embedding=1,server=y,suspend=n,address=127.0.0.1:56584
Begin MonoManager ReloadAssembly
Registering precompiled unity dll's ...
Register platform support module: D:/Unity/2021.3.6f1c1/Editor/Data/PlaybackEngines/WebGLSupport/UnityEditor.WebGL.Extensions.dll
Register platform support module: D:/Unity/2021.3.6f1c1/Editor/Data/PlaybackEngines/WindowsStandaloneSupport/UnityEditor.WindowsStandalone.Extensions.dll
Registered in 0.001997 seconds.
Native extension for WindowsStandalone target not found
Native extension for WebGL target not found
Refreshing native plugins compatible for Editor in 49.08 ms, found 3 plugins.
Preloading 0 native plugins for Editor in 0.00 ms.
Mono: successfully reloaded assembly
- Completed reload, in  0.397 seconds
Domain Reload Profiling:
	ReloadAssembly (397ms)
		BeginReloadAssembly (50ms)
			ExecutionOrderSort (0ms)
			DisableScriptedObjects (0ms)
			BackupInstance (0ms)
			ReleaseScriptingObjects (0ms)
			CreateAndSetChildDomain (0ms)
		EndReloadAssembly (275ms)
			LoadAssemblies (48ms)
			RebuildTransferFunctionScriptingTraits (0ms)
			SetupTypeCache (61ms)
			ReleaseScriptCaches (0ms)
			RebuildScriptCaches (19ms)
			SetupLoadedEditorAssemblies (161ms)
				LogAssemblyErrors (0ms)
				InitializePlatformSupportModulesInManaged (5ms)
				SetLoadedEditorAssemblies (0ms)
				RefreshPlugins (49ms)
				BeforeProcessingInitializeOnLoad (1ms)
				ProcessInitializeOnLoadAttributes (75ms)
				ProcessInitializeOnLoadMethodAttributes (31ms)
				AfterProcessingInitializeOnLoad (0ms)
				EditorAssembliesLoaded (0ms)
			ExecutionOrderSort2 (0ms)
			AwakeInstancesAfterBackupRestoration (0ms)
Platform modules already initialized, skipping
Registering precompiled user dll's ...
Registered in 0.006891 seconds.
Begin MonoManager ReloadAssembly
Symbol file LoadedFromMemory doesn't match image D:\Documents\My project\Library\PackageCache\com.unity.visualscripting@1.7.8\Editor\VisualScripting.Core\Dependencies\YamlDotNet\Unity.VisualScripting.YamlDotNet.dll
Symbol file LoadedFromMemory doesn't match image D:\Documents\My project\Library\PackageCache\com.unity.visualscripting@1.7.8\Editor\VisualScripting.Core\Dependencies\DotNetZip\Unity.VisualScripting.IonicZip.dll
Native extension for WindowsStandalone target not found
Native extension for WebGL target not found
Refreshing native plugins compatible for Editor in 0.39 ms, found 3 plugins.
Preloading 0 native plugins for Editor in 0.00 ms.
Mono: successfully reloaded assembly
- Completed reload, in  0.683 seconds
Domain Reload Profiling:
	ReloadAssembly (684ms)
		BeginReloadAssembly (76ms)
			ExecutionOrderSort (0ms)
			DisableScriptedObjects (4ms)
			BackupInstance (0ms)
			ReleaseScriptingObjects (0ms)
			CreateAndSetChildDomain (12ms)
		EndReloadAssembly (531ms)
			LoadAssemblies (62ms)
			RebuildTransferFunctionScriptingTraits (0ms)
			SetupTypeCache (164ms)
			ReleaseScriptCaches (0ms)
			RebuildScriptCaches (32ms)
			SetupLoadedEditorAssemblies (244ms)
				LogAssemblyErrors (0ms)
				InitializePlatformSupportModulesInManaged (4ms)
				SetLoadedEditorAssemblies (0ms)
				RefreshPlugins (0ms)
				BeforeProcessingInitializeOnLoad (56ms)
				ProcessInitializeOnLoadAttributes (158ms)
				ProcessInitializeOnLoadMethodAttributes (18ms)
				AfterProcessingInitializeOnLoad (6ms)
				EditorAssembliesLoaded (0ms)
			ExecutionOrderSort2 (0ms)
			AwakeInstancesAfterBackupRestoration (7ms)
Platform modules already initialized, skipping
========================================================================
Worker process is ready to serve import requests
Launched and connected shader compiler UnityShaderCompiler.exe after 0.03 seconds
Refreshing native plugins compatible for Editor in 0.42 ms, found 3 plugins.
Preloading 0 native plugins for Editor in 0.00 ms.
Unloading 3370 Unused Serialized files (Serialized files now loaded: 0)
Unloading 27 unused Assets / (111.5 KB). Loaded Objects now: 3843.
Memory consumption went from 132.1 MB to 132.0 MB.
Total: 3.455800 ms (FindLiveObjects: 0.317700 ms CreateObjectMapping: 0.151100 ms MarkObjects: 2.900700 ms  DeleteObjects: 0.085200 ms)

AssetImportParameters requested are different than current active one (requested -> active):
  custom:video-decoder-ogg-theora: a1e56fd34408186e4bbccfd4996cb3dc -> 
  custom:container-muxer-webm: aa71ff27fc2769a1b78a27578f13a17b -> 
  custom:container-demuxer-webm: 4f35f7cbe854078d1ac9338744f61a02 -> 
  custom:video-encoder-webm-vp8: eb34c28f22e8b96e1ab97ce403110664 -> 
  custom:video-codec-MediaFoundation-h265: 746d11721c4dcdbdad8f713fa42b33f4 -> 
  custom:audio-encoder-webm-vorbis: bf7c407c2cedff20999df2af8eb42d56 -> 
  custom:framework-win-MediaFoundation: 216162199b28c13a410421893ffa2e32 -> 
  custom:container-demuxer-ogg: 62fdf1f143b41e24485cea50d1cbac27 -> 
  custom:video-decoder-webm-vp8: 9c59270c3fd7afecdb556c50c9e8de78 -> 
  custom:audio-decoder-ogg-vorbis: bf7c407c2cedff20999df2af8eb42d56 -> 
========================================================================
Received Import Request.
  Time since last request: 573.495574 seconds.
  path: Assets/Prefabs/Plunger.prefab
  artifactKey: Guid(eb6639424cc35e44685183e2e593d81e) Importer(815301076,1909f56bfc062723c751e8b465ee728b)
Start importing Assets/Prefabs/Plunger.prefab using Guid(eb6639424cc35e44685183e2e593d81e) Importer(815301076,1909f56bfc062723c751e8b465ee728b)  -> (artifact id: 'aa7c4560be4373347633219faf2769c5') in 0.119428 seconds 
========================================================================
Received Prepare
Registering precompiled user dll's ...
Registered in 0.012323 seconds.
Begin MonoManager ReloadAssembly
Symbol file LoadedFromMemory doesn't match image D:\Documents\My project\Library\PackageCache\com.unity.visualscripting@1.7.8\Editor\VisualScripting.Core\Dependencies\YamlDotNet\Unity.VisualScripting.YamlDotNet.dll
Symbol file LoadedFromMemory doesn't match image D:\Documents\My project\Library\PackageCache\com.unity.visualscripting@1.7.8\Editor\VisualScripting.Core\Dependencies\DotNetZip\Unity.VisualScripting.IonicZip.dll
Native extension for WindowsStandalone target not found
Native extension for WebGL target not found
Refreshing native plugins compatible for Editor in 0.52 ms, found 3 plugins.
Preloading 0 native plugins for Editor in 0.00 ms.
Mono: successfully reloaded assembly
- Completed reload, in  0.721 seconds
Domain Reload Profiling:
	ReloadAssembly (721ms)
		BeginReloadAssembly (111ms)
			ExecutionOrderSort (0ms)
			DisableScriptedObjects (3ms)
			BackupInstance (0ms)
			ReleaseScriptingObjects (0ms)
			CreateAndSetChildDomain (29ms)
		EndReloadAssembly (542ms)
			LoadAssemblies (67ms)
			RebuildTransferFunctionScriptingTraits (0ms)
			SetupTypeCache (183ms)
			ReleaseScriptCaches (1ms)
			RebuildScriptCaches (28ms)
			SetupLoadedEditorAssemblies (229ms)
				LogAssemblyErrors (0ms)
				InitializePlatformSupportModulesInManaged (10ms)
				SetLoadedEditorAssemblies (0ms)
				RefreshPlugins (1ms)
				BeforeProcessingInitializeOnLoad (45ms)
				ProcessInitializeOnLoadAttributes (145ms)
				ProcessInitializeOnLoadMethodAttributes (21ms)
				AfterProcessingInitializeOnLoad (7ms)
				EditorAssembliesLoaded (0ms)
			ExecutionOrderSort2 (0ms)
			AwakeInstancesAfterBackupRestoration (8ms)
Platform modules already initialized, skipping
Refreshing native plugins compatible for Editor in 1.80 ms, found 3 plugins.
Preloading 0 native plugins for Editor in 0.00 ms.
Unloading 3365 Unused Serialized files (Serialized files now loaded: 0)
Unloading 20 unused Assets / (79.0 KB). Loaded Objects now: 3854.
Memory consumption went from 136.4 MB to 136.3 MB.
Total: 2.341400 ms (FindLiveObjects: 0.193600 ms CreateObjectMapping: 0.078200 ms MarkObjects: 1.976900 ms  DeleteObjects: 0.091700 ms)

AssetImportParameters requested are different than current active one (requested -> active):
  custom:video-decoder-ogg-theora: a1e56fd34408186e4bbccfd4996cb3dc -> 
  custom:container-muxer-webm: aa71ff27fc2769a1b78a27578f13a17b -> 
  custom:container-demuxer-webm: 4f35f7cbe854078d1ac9338744f61a02 -> 
  custom:video-encoder-webm-vp8: eb34c28f22e8b96e1ab97ce403110664 -> 
  custom:video-codec-MediaFoundation-h265: 746d11721c4dcdbdad8f713fa42b33f4 -> 
  custom:audio-encoder-webm-vorbis: bf7c407c2cedff20999df2af8eb42d56 -> 
  custom:framework-win-MediaFoundation: 216162199b28c13a410421893ffa2e32 -> 
  custom:container-demuxer-ogg: 62fdf1f143b41e24485cea50d1cbac27 -> 
  custom:video-decoder-webm-vp8: 9c59270c3fd7afecdb556c50c9e8de78 -> 
  custom:audio-decoder-ogg-vorbis: bf7c407c2cedff20999df2af8eb42d56 -> 
========================================================================
Received Import Request.
  Time since last request: 911.517394 seconds.
  path: Assets/Prefabs/Plane.prefab
  artifactKey: Guid(67f1f7213b4deb24cbf0e3b0ccbfc7d2) Importer(815301076,1909f56bfc062723c751e8b465ee728b)
Start importing Assets/Prefabs/Plane.prefab using Guid(67f1f7213b4deb24cbf0e3b0ccbfc7d2) Importer(815301076,1909f56bfc062723c751e8b465ee728b)  -> (artifact id: '34ece5636377f9afda7d957fa274d748') in 0.061643 seconds 
========================================================================
Received Import Request.
  Time since last request: 1.429958 seconds.
  path: Assets/Prefabs/Plane.prefab
  artifactKey: Guid(67f1f7213b4deb24cbf0e3b0ccbfc7d2) Importer(815301076,1909f56bfc062723c751e8b465ee728b)
Start importing Assets/Prefabs/Plane.prefab using Guid(67f1f7213b4deb24cbf0e3b0ccbfc7d2) Importer(815301076,1909f56bfc062723c751e8b465ee728b)  -> (artifact id: '98a518a135f21b2630b41ea84a7c22b2') in 0.007905 seconds 
========================================================================
Received Import Request.
  Time since last request: 2.012660 seconds.
  path: Assets/Prefabs/Plane.prefab
  artifactKey: Guid(67f1f7213b4deb24cbf0e3b0ccbfc7d2) Importer(815301076,1909f56bfc062723c751e8b465ee728b)
Start importing Assets/Prefabs/Plane.prefab using Guid(67f1f7213b4deb24cbf0e3b0ccbfc7d2) Importer(815301076,1909f56bfc062723c751e8b465ee728b)  -> (artifact id: '61db77ee28b6ae5712d18f134912a986') in 0.006898 seconds 
========================================================================
Received Import Request.
  Time since last request: 3.815074 seconds.
  path: Assets/Prefabs/Plane.prefab
  artifactKey: Guid(67f1f7213b4deb24cbf0e3b0ccbfc7d2) Importer(815301076,1909f56bfc062723c751e8b465ee728b)
Start importing Assets/Prefabs/Plane.prefab using Guid(67f1f7213b4deb24cbf0e3b0ccbfc7d2) Importer(815301076,1909f56bfc062723c751e8b465ee728b)  -> (artifact id: '7342bf8d5af603ec758e2b734f309f7d') in 0.009224 seconds 
========================================================================
Received Import Request.
  Time since last request: 2.412589 seconds.
  path: Assets/Prefabs/Plane.prefab
  artifactKey: Guid(67f1f7213b4deb24cbf0e3b0ccbfc7d2) Importer(815301076,1909f56bfc062723c751e8b465ee728b)
Start importing Assets/Prefabs/Plane.prefab using Guid(67f1f7213b4deb24cbf0e3b0ccbfc7d2) Importer(815301076,1909f56bfc062723c751e8b465ee728b)  -> (artifact id: 'd5267d65deb5bc01f969f564151d7d8e') in 0.013381 seconds 
========================================================================
Received Import Request.
  Time since last request: 2.409576 seconds.
  path: Assets/Prefabs/Plane.prefab
  artifactKey: Guid(67f1f7213b4deb24cbf0e3b0ccbfc7d2) Importer(815301076,1909f56bfc062723c751e8b465ee728b)
Start importing Assets/Prefabs/Plane.prefab using Guid(67f1f7213b4deb24cbf0e3b0ccbfc7d2) Importer(815301076,1909f56bfc062723c751e8b465ee728b)  -> (artifact id: '05812165e20a35d3a87003061a0ce7d3') in 0.008795 seconds 
========================================================================
Received Import Request.
  Time since last request: 6.053915 seconds.
  path: Assets/Prefabs/Plane.prefab
  artifactKey: Guid(67f1f7213b4deb24cbf0e3b0ccbfc7d2) Importer(815301076,1909f56bfc062723c751e8b465ee728b)
Start importing Assets/Prefabs/Plane.prefab using Guid(67f1f7213b4deb24cbf0e3b0ccbfc7d2) Importer(815301076,1909f56bfc062723c751e8b465ee728b)  -> (artifact id: 'c3277b7c67c1d965cfc51e2917fd9395') in 0.006145 seconds 
========================================================================
Received Import Request.
  Time since last request: 14.776410 seconds.
  path: Assets/Prefabs/Cube.prefab
  artifactKey: Guid(66328db11e3bb5c468c764394741169b) Importer(815301076,1909f56bfc062723c751e8b465ee728b)
Start importing Assets/Prefabs/Cube.prefab using Guid(66328db11e3bb5c468c764394741169b) Importer(815301076,1909f56bfc062723c751e8b465ee728b)  -> (artifact id: '8a51a8308142d37a6c168830e284b0a8') in 0.013609 seconds 
========================================================================
Received Import Request.
  Time since last request: 4.033038 seconds.
  path: Assets/Prefabs/Cube.prefab
  artifactKey: Guid(66328db11e3bb5c468c764394741169b) Importer(815301076,1909f56bfc062723c751e8b465ee728b)
Start importing Assets/Prefabs/Cube.prefab using Guid(66328db11e3bb5c468c764394741169b) Importer(815301076,1909f56bfc062723c751e8b465ee728b)  -> (artifact id: '065d417b65880a7da8f98932314ca220') in 0.006220 seconds 
========================================================================
Received Import Request.
  Time since last request: 68.473349 seconds.
  path: Assets/Prefabs/Wall
  artifactKey: Guid(f16d1800ac6002c4eb38c7c816af9714) Importer(815301076,1909f56bfc062723c751e8b465ee728b)
Start importing Assets/Prefabs/Wall using Guid(f16d1800ac6002c4eb38c7c816af9714) Importer(815301076,1909f56bfc062723c751e8b465ee728b)  -> (artifact id: '15a6cf37166ae2e9b0d37d5b8e6042cc') in 0.004737 seconds 
========================================================================
Received Import Request.
  Time since last request: 62.587963 seconds.
  path: Assets/Prefabs/Wall/Cube (1).prefab
  artifactKey: Guid(d054a38197f76604387cffd0dfcde8c0) Importer(815301076,1909f56bfc062723c751e8b465ee728b)
Start importing Assets/Prefabs/Wall/Cube (1).prefab using Guid(d054a38197f76604387cffd0dfcde8c0) Importer(815301076,1909f56bfc062723c751e8b465ee728b)  -> (artifact id: 'bbe1274036ec4b5f5908d772619c0f93') in 0.012340 seconds 
========================================================================
Received Import Request.
  Time since last request: 59.785942 seconds.
  path: Assets/Prefabs/Wall/Cube (2).prefab
  artifactKey: Guid(6362de1c343c8244a9ded6f839f9c231) Importer(815301076,1909f56bfc062723c751e8b465ee728b)
Start importing Assets/Prefabs/Wall/Cube (2).prefab using Guid(6362de1c343c8244a9ded6f839f9c231) Importer(815301076,1909f56bfc062723c751e8b465ee728b)  -> (artifact id: '574e241aaec65f94c8a3d93a825df278') in 0.010349 seconds 
========================================================================
Received Import Request.
  Time since last request: 1.726991 seconds.
  path: Assets/Prefabs/Wall/Cube.prefab
  artifactKey: Guid(66328db11e3bb5c468c764394741169b) Importer(815301076,1909f56bfc062723c751e8b465ee728b)
Start importing Assets/Prefabs/Wall/Cube.prefab using Guid(66328db11e3bb5c468c764394741169b) Importer(815301076,1909f56bfc062723c751e8b465ee728b)  -> (artifact id: 'd654ebfb2d4e2775ba4189b45473fce2') in 0.009168 seconds 
========================================================================
Received Import Request.
  Time since last request: 21.317236 seconds.
  path: Assets/Prefabs/Wall/Cube (3).prefab
  artifactKey: Guid(155debfa3d001b64bb86911abca53df4) Importer(815301076,1909f56bfc062723c751e8b465ee728b)
Start importing Assets/Prefabs/Wall/Cube (3).prefab using Guid(155debfa3d001b64bb86911abca53df4) Importer(815301076,1909f56bfc062723c751e8b465ee728b)  -> (artifact id: '63f8b40e720d2670c37f88a293577f9f') in 0.008865 seconds 
========================================================================
Received Import Request.
  Time since last request: 13.955451 seconds.
  path: Assets/Prefabs/Plane.prefab
  artifactKey: Guid(67f1f7213b4deb24cbf0e3b0ccbfc7d2) Importer(815301076,1909f56bfc062723c751e8b465ee728b)
Start importing Assets/Prefabs/Plane.prefab using Guid(67f1f7213b4deb24cbf0e3b0ccbfc7d2) Importer(815301076,1909f56bfc062723c751e8b465ee728b)  -> (artifact id: '7aedf1b3a882d6f399cc44d3c84624f9') in 0.022735 seconds 
========================================================================
Received Import Request.
  Time since last request: 54.124158 seconds.
  path: Assets/Scripts/Player.cs
  artifactKey: Guid(021acea229732fc4892a71067afc3a29) Importer(815301076,1909f56bfc062723c751e8b465ee728b)
Start importing Assets/Scripts/Player.cs using Guid(021acea229732fc4892a71067afc3a29) Importer(815301076,1909f56bfc062723c751e8b465ee728b)  -> (artifact id: 'fe8735953ff3e40683b70e036cf1fef5') in 0.021751 seconds 
========================================================================
Received Import Request.
  Time since last request: 57.981434 seconds.
  path: Assets/Prefabs/Plunger.prefab
  artifactKey: Guid(eb6639424cc35e44685183e2e593d81e) Importer(815301076,1909f56bfc062723c751e8b465ee728b)
Start importing Assets/Prefabs/Plunger.prefab using Guid(eb6639424cc35e44685183e2e593d81e) Importer(815301076,1909f56bfc062723c751e8b465ee728b)  -> (artifact id: '2131179bf5503319ca3927b334b81ec5') in 0.012177 seconds 
========================================================================
Received Import Request.
  Time since last request: 100.505130 seconds.
  path: Assets/Prefabs/Plunger.prefab
  artifactKey: Guid(eb6639424cc35e44685183e2e593d81e) Importer(815301076,1909f56bfc062723c751e8b465ee728b)
Start importing Assets/Prefabs/Plunger.prefab using Guid(eb6639424cc35e44685183e2e593d81e) Importer(815301076,1909f56bfc062723c751e8b465ee728b)  -> (artifact id: '5b5facab8b2e99a3d9fa53bbcd7668dc') in 0.008221 seconds 
========================================================================
Received Import Request.
  Time since last request: 5.376936 seconds.
  path: Assets/Prefabs/Plunger.prefab
  artifactKey: Guid(eb6639424cc35e44685183e2e593d81e) Importer(815301076,1909f56bfc062723c751e8b465ee728b)
Start importing Assets/Prefabs/Plunger.prefab using Guid(eb6639424cc35e44685183e2e593d81e) Importer(815301076,1909f56bfc062723c751e8b465ee728b)  -> (artifact id: 'de1aaa394877788f37959bb3853f1603') in 0.008967 seconds 
========================================================================
Received Import Request.
  Time since last request: 19.075589 seconds.
  path: Assets/Prefabs/Plunger.prefab
  artifactKey: Guid(eb6639424cc35e44685183e2e593d81e) Importer(815301076,1909f56bfc062723c751e8b465ee728b)
Start importing Assets/Prefabs/Plunger.prefab using Guid(eb6639424cc35e44685183e2e593d81e) Importer(815301076,1909f56bfc062723c751e8b465ee728b)  -> (artifact id: 'c4e8d37fc8fda97d4c82977e4291c93c') in 0.007577 seconds 
========================================================================
Received Import Request.
  Time since last request: 7.100954 seconds.
  path: Assets/Prefabs/Plunger.prefab
  artifactKey: Guid(eb6639424cc35e44685183e2e593d81e) Importer(815301076,1909f56bfc062723c751e8b465ee728b)
Start importing Assets/Prefabs/Plunger.prefab using Guid(eb6639424cc35e44685183e2e593d81e) Importer(815301076,1909f56bfc062723c751e8b465ee728b)  -> (artifact id: '8839ba95f49da58c9242c8b905f9b394') in 0.010996 seconds 
========================================================================
Received Import Request.
  Time since last request: 0.759017 seconds.
  path: Assets/Prefabs/Plane.prefab
  artifactKey: Guid(67f1f7213b4deb24cbf0e3b0ccbfc7d2) Importer(815301076,1909f56bfc062723c751e8b465ee728b)
Start importing Assets/Prefabs/Plane.prefab using Guid(67f1f7213b4deb24cbf0e3b0ccbfc7d2) Importer(815301076,1909f56bfc062723c751e8b465ee728b)  -> (artifact id: 'ae75c9c755ff8208c82706ed983069f5') in 0.011047 seconds 
========================================================================
Received Import Request.
  Time since last request: 11.006082 seconds.
  path: Assets/Prefabs/PlungerColor.mat
  artifactKey: Guid(0304050bace4ee545a59fa7ddad17c46) Importer(815301076,1909f56bfc062723c751e8b465ee728b)
Start importing Assets/Prefabs/PlungerColor.mat using Guid(0304050bace4ee545a59fa7ddad17c46) Importer(815301076,1909f56bfc062723c751e8b465ee728b)  -> (artifact id: '461392195f2de448fb156e48079dc5ca') in 0.027718 seconds 
========================================================================
Received Import Request.
  Time since last request: 1.107430 seconds.
  path: Assets/Prefabs/PlaneColor.mat
  artifactKey: Guid(801a59a16a144b34a844723909994fa2) Importer(815301076,1909f56bfc062723c751e8b465ee728b)
Start importing Assets/Prefabs/PlaneColor.mat using Guid(801a59a16a144b34a844723909994fa2) Importer(815301076,1909f56bfc062723c751e8b465ee728b)  -> (artifact id: 'bff2620039d9612d7fe62f5da20aa9ea') in 0.009918 seconds 
========================================================================
Received Import Request.
  Time since last request: 65.005172 seconds.
  path: Assets/Prefabs/Player.prefab
  artifactKey: Guid(09991bb974cd2864081445dcec7bde95) Importer(815301076,1909f56bfc062723c751e8b465ee728b)
Start importing Assets/Prefabs/Player.prefab using Guid(09991bb974cd2864081445dcec7bde95) Importer(815301076,1909f56bfc062723c751e8b465ee728b)  -> (artifact id: 'b05335ebbd5b4bde72e11a3e5bc29332') in 0.010800 seconds 
========================================================================
Received Import Request.
  Time since last request: 236.490024 seconds.
  path: Assets/Prefabs/Main Camera.prefab
  artifactKey: Guid(635e6e45f8347df488d32712e4f021c1) Importer(815301076,1909f56bfc062723c751e8b465ee728b)
Start importing Assets/Prefabs/Main Camera.prefab using Guid(635e6e45f8347df488d32712e4f021c1) Importer(815301076,1909f56bfc062723c751e8b465ee728b)  -> (artifact id: '2e129b0b269427aaab744bec42d47329') in 0.008458 seconds 
========================================================================
Received Import Request.
  Time since last request: 25.688136 seconds.
  path: Assets/Prefabs/Player.prefab
  artifactKey: Guid(09991bb974cd2864081445dcec7bde95) Importer(815301076,1909f56bfc062723c751e8b465ee728b)
Start importing Assets/Prefabs/Player.prefab using Guid(09991bb974cd2864081445dcec7bde95) Importer(815301076,1909f56bfc062723c751e8b465ee728b)  -> (artifact id: '0dc569ddf615701f3db36f9100d52cd0') in 0.011729 seconds 
========================================================================
Received Import Request.
  Time since last request: 10.990118 seconds.
  path: Assets/Prefabs/Player.prefab
  artifactKey: Guid(09991bb974cd2864081445dcec7bde95) Importer(815301076,1909f56bfc062723c751e8b465ee728b)
Start importing Assets/Prefabs/Player.prefab using Guid(09991bb974cd2864081445dcec7bde95) Importer(815301076,1909f56bfc062723c751e8b465ee728b)  -> (artifact id: '6874538c21793d6534231b12893a6853') in 0.010317 seconds 
========================================================================
Received Prepare
Registering precompiled user dll's ...
Registered in 0.011675 seconds.
Begin MonoManager ReloadAssembly
Symbol file LoadedFromMemory doesn't match image D:\Documents\My project\Library\PackageCache\com.unity.visualscripting@1.7.8\Editor\VisualScripting.Core\Dependencies\YamlDotNet\Unity.VisualScripting.YamlDotNet.dll
Symbol file LoadedFromMemory doesn't match image D:\Documents\My project\Library\PackageCache\com.unity.visualscripting@1.7.8\Editor\VisualScripting.Core\Dependencies\DotNetZip\Unity.VisualScripting.IonicZip.dll
Native extension for WindowsStandalone target not found
Native extension for WebGL target not found
Refreshing native plugins compatible for Editor in 0.40 ms, found 3 plugins.
Preloading 0 native plugins for Editor in 0.00 ms.
Mono: successfully reloaded assembly
- Completed reload, in  0.671 seconds
Domain Reload Profiling:
	ReloadAssembly (671ms)
		BeginReloadAssembly (114ms)
			ExecutionOrderSort (0ms)
			DisableScriptedObjects (3ms)
			BackupInstance (0ms)
			ReleaseScriptingObjects (0ms)
			CreateAndSetChildDomain (30ms)
		EndReloadAssembly (487ms)
			LoadAssemblies (70ms)
			RebuildTransferFunctionScriptingTraits (0ms)
			SetupTypeCache (156ms)
			ReleaseScriptCaches (1ms)
			RebuildScriptCaches (23ms)
			SetupLoadedEditorAssemblies (206ms)
				LogAssemblyErrors (0ms)
				InitializePlatformSupportModulesInManaged (9ms)
				SetLoadedEditorAssemblies (0ms)
				RefreshPlugins (0ms)
				BeforeProcessingInitializeOnLoad (43ms)
				ProcessInitializeOnLoadAttributes (131ms)
				ProcessInitializeOnLoadMethodAttributes (17ms)
				AfterProcessingInitializeOnLoad (6ms)
				EditorAssembliesLoaded (0ms)
			ExecutionOrderSort2 (0ms)
			AwakeInstancesAfterBackupRestoration (6ms)
Platform modules already initialized, skipping
Refreshing native plugins compatible for Editor in 2.18 ms, found 3 plugins.
Preloading 0 native plugins for Editor in 0.00 ms.
Unloading 3365 Unused Serialized files (Serialized files now loaded: 0)
Unloading 21 unused Assets / (79.7 KB). Loaded Objects now: 3892.
Memory consumption went from 136.7 MB to 136.6 MB.
Total: 2.992400 ms (FindLiveObjects: 0.170000 ms CreateObjectMapping: 0.075300 ms MarkObjects: 2.670600 ms  DeleteObjects: 0.075800 ms)

AssetImportParameters requested are different than current active one (requested -> active):
  custom:video-decoder-ogg-theora: a1e56fd34408186e4bbccfd4996cb3dc -> 
  custom:container-muxer-webm: aa71ff27fc2769a1b78a27578f13a17b -> 
  custom:container-demuxer-webm: 4f35f7cbe854078d1ac9338744f61a02 -> 
  custom:video-encoder-webm-vp8: eb34c28f22e8b96e1ab97ce403110664 -> 
  custom:video-codec-MediaFoundation-h265: 746d11721c4dcdbdad8f713fa42b33f4 -> 
  custom:audio-encoder-webm-vorbis: bf7c407c2cedff20999df2af8eb42d56 -> 
  custom:framework-win-MediaFoundation: 216162199b28c13a410421893ffa2e32 -> 
  custom:container-demuxer-ogg: 62fdf1f143b41e24485cea50d1cbac27 -> 
  custom:video-decoder-webm-vp8: 9c59270c3fd7afecdb556c50c9e8de78 -> 
  custom:audio-decoder-ogg-vorbis: bf7c407c2cedff20999df2af8eb42d56 -> 
========================================================================
Received Import Request.
  Time since last request: 32.615299 seconds.
  path: Assets/Prefabs/Player.prefab
  artifactKey: Guid(09991bb974cd2864081445dcec7bde95) Importer(815301076,1909f56bfc062723c751e8b465ee728b)
Start importing Assets/Prefabs/Player.prefab using Guid(09991bb974cd2864081445dcec7bde95) Importer(815301076,1909f56bfc062723c751e8b465ee728b)  -> (artifact id: 'c864ce5c26323d2b54929ce54b682e3e') in 0.051157 seconds 
========================================================================
Received Import Request.
  Time since last request: 0.219416 seconds.
  path: Assets/Prefabs/Player.prefab
  artifactKey: Guid(09991bb974cd2864081445dcec7bde95) Importer(815301076,1909f56bfc062723c751e8b465ee728b)
Start importing Assets/Prefabs/Player.prefab using Guid(09991bb974cd2864081445dcec7bde95) Importer(815301076,1909f56bfc062723c751e8b465ee728b)  -> (artifact id: '26fa6633cbb0aaddd394848bb58b9c79') in 0.008008 seconds 
========================================================================
Received Prepare
Registering precompiled user dll's ...
Registered in 0.008482 seconds.
Begin MonoManager ReloadAssembly
Symbol file LoadedFromMemory doesn't match image D:\Documents\My project\Library\PackageCache\com.unity.visualscripting@1.7.8\Editor\VisualScripting.Core\Dependencies\YamlDotNet\Unity.VisualScripting.YamlDotNet.dll
Symbol file LoadedFromMemory doesn't match image D:\Documents\My project\Library\PackageCache\com.unity.visualscripting@1.7.8\Editor\VisualScripting.Core\Dependencies\DotNetZip\Unity.VisualScripting.IonicZip.dll
Native extension for WindowsStandalone target not found
Native extension for WebGL target not found
Refreshing native plugins compatible for Editor in 0.50 ms, found 3 plugins.
Preloading 0 native plugins for Editor in 0.00 ms.
Mono: successfully reloaded assembly
- Completed reload, in  0.711 seconds
Domain Reload Profiling:
	ReloadAssembly (711ms)
		BeginReloadAssembly (104ms)
			ExecutionOrderSort (0ms)
			DisableScriptedObjects (3ms)
			BackupInstance (0ms)
			ReleaseScriptingObjects (0ms)
			CreateAndSetChildDomain (28ms)
		EndReloadAssembly (538ms)
			LoadAssemblies (68ms)
			RebuildTransferFunctionScriptingTraits (0ms)
			SetupTypeCache (169ms)
			ReleaseScriptCaches (1ms)
			RebuildScriptCaches (31ms)
			SetupLoadedEditorAssemblies (233ms)
				LogAssemblyErrors (0ms)
				InitializePlatformSupportModulesInManaged (10ms)
				SetLoadedEditorAssemblies (0ms)
				RefreshPlugins (1ms)
				BeforeProcessingInitializeOnLoad (45ms)
				ProcessInitializeOnLoadAttributes (149ms)
				ProcessInitializeOnLoadMethodAttributes (21ms)
				AfterProcessingInitializeOnLoad (7ms)
				EditorAssembliesLoaded (0ms)
			ExecutionOrderSort2 (0ms)
			AwakeInstancesAfterBackupRestoration (7ms)
Platform modules already initialized, skipping
Refreshing native plugins compatible for Editor in 1.59 ms, found 3 plugins.
Preloading 0 native plugins for Editor in 0.00 ms.
Unloading 3365 Unused Serialized files (Serialized files now loaded: 0)
Unloading 21 unused Assets / (79.7 KB). Loaded Objects now: 3895.
Memory consumption went from 136.7 MB to 136.6 MB.
Total: 2.424000 ms (FindLiveObjects: 0.204300 ms CreateObjectMapping: 0.090000 ms MarkObjects: 2.046000 ms  DeleteObjects: 0.082600 ms)

AssetImportParameters requested are different than current active one (requested -> active):
  custom:video-decoder-ogg-theora: a1e56fd34408186e4bbccfd4996cb3dc -> 
  custom:container-muxer-webm: aa71ff27fc2769a1b78a27578f13a17b -> 
  custom:container-demuxer-webm: 4f35f7cbe854078d1ac9338744f61a02 -> 
  custom:video-encoder-webm-vp8: eb34c28f22e8b96e1ab97ce403110664 -> 
  custom:video-codec-MediaFoundation-h265: 746d11721c4dcdbdad8f713fa42b33f4 -> 
  custom:audio-encoder-webm-vorbis: bf7c407c2cedff20999df2af8eb42d56 -> 
  custom:framework-win-MediaFoundation: 216162199b28c13a410421893ffa2e32 -> 
  custom:container-demuxer-ogg: 62fdf1f143b41e24485cea50d1cbac27 -> 
  custom:video-decoder-webm-vp8: 9c59270c3fd7afecdb556c50c9e8de78 -> 
  custom:audio-decoder-ogg-vorbis: bf7c407c2cedff20999df2af8eb42d56 -> 
========================================================================
Received Prepare
Registering precompiled user dll's ...
Registered in 0.012913 seconds.
Begin MonoManager ReloadAssembly
Symbol file LoadedFromMemory doesn't match image D:\Documents\My project\Library\PackageCache\com.unity.visualscripting@1.7.8\Editor\VisualScripting.Core\Dependencies\YamlDotNet\Unity.VisualScripting.YamlDotNet.dll
Symbol file LoadedFromMemory doesn't match image D:\Documents\My project\Library\PackageCache\com.unity.visualscripting@1.7.8\Editor\VisualScripting.Core\Dependencies\DotNetZip\Unity.VisualScripting.IonicZip.dll
Native extension for WindowsStandalone target not found
Native extension for WebGL target not found
Refreshing native plugins compatible for Editor in 0.42 ms, found 3 plugins.
Preloading 0 native plugins for Editor in 0.00 ms.
Mono: successfully reloaded assembly
- Completed reload, in  0.712 seconds
Domain Reload Profiling:
	ReloadAssembly (712ms)
		BeginReloadAssembly (106ms)
			ExecutionOrderSort (0ms)
			DisableScriptedObjects (3ms)
			BackupInstance (0ms)
			ReleaseScriptingObjects (0ms)
			CreateAndSetChildDomain (26ms)
		EndReloadAssembly (537ms)
			LoadAssemblies (63ms)
			RebuildTransferFunctionScriptingTraits (0ms)
			SetupTypeCache (172ms)
			ReleaseScriptCaches (1ms)
			RebuildScriptCaches (29ms)
			SetupLoadedEditorAssemblies (237ms)
				LogAssemblyErrors (0ms)
				InitializePlatformSupportModulesInManaged (10ms)
				SetLoadedEditorAssemblies (0ms)
				RefreshPlugins (0ms)
				BeforeProcessingInitializeOnLoad (46ms)
				ProcessInitializeOnLoadAttributes (151ms)
				ProcessInitializeOnLoadMethodAttributes (20ms)
				AfterProcessingInitializeOnLoad (9ms)
				EditorAssembliesLoaded (0ms)
			ExecutionOrderSort2 (0ms)
			AwakeInstancesAfterBackupRestoration (9ms)
Platform modules already initialized, skipping
Refreshing native plugins compatible for Editor in 2.06 ms, found 3 plugins.
Preloading 0 native plugins for Editor in 0.00 ms.
Unloading 3365 Unused Serialized files (Serialized files now loaded: 0)
Unloading 20 unused Assets / (78.9 KB). Loaded Objects now: 3898.
Memory consumption went from 136.7 MB to 136.6 MB.
Total: 2.511700 ms (FindLiveObjects: 0.247300 ms CreateObjectMapping: 0.083900 ms MarkObjects: 2.105300 ms  DeleteObjects: 0.073900 ms)

AssetImportParameters requested are different than current active one (requested -> active):
  custom:video-decoder-ogg-theora: a1e56fd34408186e4bbccfd4996cb3dc -> 
  custom:container-muxer-webm: aa71ff27fc2769a1b78a27578f13a17b -> 
  custom:container-demuxer-webm: 4f35f7cbe854078d1ac9338744f61a02 -> 
  custom:video-encoder-webm-vp8: eb34c28f22e8b96e1ab97ce403110664 -> 
  custom:video-codec-MediaFoundation-h265: 746d11721c4dcdbdad8f713fa42b33f4 -> 
  custom:audio-encoder-webm-vorbis: bf7c407c2cedff20999df2af8eb42d56 -> 
  custom:framework-win-MediaFoundation: 216162199b28c13a410421893ffa2e32 -> 
  custom:container-demuxer-ogg: 62fdf1f143b41e24485cea50d1cbac27 -> 
  custom:video-decoder-webm-vp8: 9c59270c3fd7afecdb556c50c9e8de78 -> 
  custom:audio-decoder-ogg-vorbis: bf7c407c2cedff20999df2af8eb42d56 -> 
========================================================================
Received Prepare
Registering precompiled user dll's ...
Registered in 0.012312 seconds.
Begin MonoManager ReloadAssembly
Symbol file LoadedFromMemory doesn't match image D:\Documents\My project\Library\PackageCache\com.unity.visualscripting@1.7.8\Editor\VisualScripting.Core\Dependencies\YamlDotNet\Unity.VisualScripting.YamlDotNet.dll
Symbol file LoadedFromMemory doesn't match image D:\Documents\My project\Library\PackageCache\com.unity.visualscripting@1.7.8\Editor\VisualScripting.Core\Dependencies\DotNetZip\Unity.VisualScripting.IonicZip.dll
Native extension for WindowsStandalone target not found
Native extension for WebGL target not found
Refreshing native plugins compatible for Editor in 0.39 ms, found 3 plugins.
Preloading 0 native plugins for Editor in 0.00 ms.
Mono: successfully reloaded assembly
- Completed reload, in  0.730 seconds
Domain Reload Profiling:
	ReloadAssembly (730ms)
		BeginReloadAssembly (109ms)
			ExecutionOrderSort (0ms)
			DisableScriptedObjects (4ms)
			BackupInstance (0ms)
			ReleaseScriptingObjects (0ms)
			CreateAndSetChildDomain (27ms)
		EndReloadAssembly (547ms)
			LoadAssemblies (72ms)
			RebuildTransferFunctionScriptingTraits (0ms)
			SetupTypeCache (180ms)
			ReleaseScriptCaches (1ms)
			RebuildScriptCaches (28ms)
			SetupLoadedEditorAssemblies (232ms)
				LogAssemblyErrors (0ms)
				InitializePlatformSupportModulesInManaged (10ms)
				SetLoadedEditorAssemblies (0ms)
				RefreshPlugins (0ms)
				BeforeProcessingInitializeOnLoad (47ms)
				ProcessInitializeOnLoadAttributes (145ms)
				ProcessInitializeOnLoadMethodAttributes (20ms)
				AfterProcessingInitializeOnLoad (9ms)
				EditorAssembliesLoaded (0ms)
			ExecutionOrderSort2 (0ms)
			AwakeInstancesAfterBackupRestoration (9ms)
Platform modules already initialized, skipping
Refreshing native plugins compatible for Editor in 1.69 ms, found 3 plugins.
Preloading 0 native plugins for Editor in 0.00 ms.
Unloading 3365 Unused Serialized files (Serialized files now loaded: 0)
Unloading 20 unused Assets / (78.9 KB). Loaded Objects now: 3901.
Memory consumption went from 136.7 MB to 136.7 MB.
Total: 2.445200 ms (FindLiveObjects: 0.194400 ms CreateObjectMapping: 0.157200 ms MarkObjects: 2.009300 ms  DeleteObjects: 0.083500 ms)

AssetImportParameters requested are different than current active one (requested -> active):
  custom:video-decoder-ogg-theora: a1e56fd34408186e4bbccfd4996cb3dc -> 
  custom:container-muxer-webm: aa71ff27fc2769a1b78a27578f13a17b -> 
  custom:container-demuxer-webm: 4f35f7cbe854078d1ac9338744f61a02 -> 
  custom:video-encoder-webm-vp8: eb34c28f22e8b96e1ab97ce403110664 -> 
  custom:video-codec-MediaFoundation-h265: 746d11721c4dcdbdad8f713fa42b33f4 -> 
  custom:audio-encoder-webm-vorbis: bf7c407c2cedff20999df2af8eb42d56 -> 
  custom:framework-win-MediaFoundation: 216162199b28c13a410421893ffa2e32 -> 
  custom:container-demuxer-ogg: 62fdf1f143b41e24485cea50d1cbac27 -> 
  custom:video-decoder-webm-vp8: 9c59270c3fd7afecdb556c50c9e8de78 -> 
  custom:audio-decoder-ogg-vorbis: bf7c407c2cedff20999df2af8eb42d56 -> 
========================================================================
Received Import Request.
  Time since last request: 152.923896 seconds.
  path: Assets/Prefabs/Player.prefab
  artifactKey: Guid(09991bb974cd2864081445dcec7bde95) Importer(815301076,1909f56bfc062723c751e8b465ee728b)
Start importing Assets/Prefabs/Player.prefab using Guid(09991bb974cd2864081445dcec7bde95) Importer(815301076,1909f56bfc062723c751e8b465ee728b)  -> (artifact id: 'ee4c8e89f0acc77a59b344efcd1e79f7') in 0.049381 seconds 
